<?xml version="1.0" encoding="UTF-8"?>
<Site BuildName="(empty)"
	BuildStamp="20241227-1853-Experimental"
	Name="devin1126-G5-5590"
	Generator="ctest-3.22.1"
	CompilerName="/usr/bin/g++"
	CompilerVersion="11.4.0"
	OSName="Linux"
	Hostname="devin1126-G5-5590"
	OSRelease="6.8.0-50-generic"
	OSVersion="#51~22.04.1-Ubuntu SMP PREEMPT_DYNAMIC Thu Nov 21 12:03:03 UTC 2"
	OSPlatform="x86_64"
	Is64Bits="1"
	VendorString="GenuineIntel"
	VendorID="Intel Corporation"
	FamilyID="6"
	ModelID="158"
	ProcessorCacheSize="12288"
	NumberOfLogicalCPU="12"
	NumberOfPhysicalCPU="6"
	TotalVirtualMemory="2047"
	TotalPhysicalMemory="15803"
	LogicalProcessorsPerPhysical="2"
	ProcessorClockFrequency="3616.9"
	>
	<Testing>
		<StartDateTime>Dec 27 13:53 EST</StartDateTime>
		<StartTestTime>1735325616</StartTestTime>
		<TestList/>
		<EndDateTime>Dec 27 13:53 EST</EndDateTime>
		<EndTestTime>1735325616</EndTestTime>
		<ElapsedMinutes>0</ElapsedMinutes>
	</Testing>
</Site>
